{"/Users/dhruvaindavarapu/Documents/react_projects/5.13- Project- Restructure the App/vidly/index.js": {"path":"/Users/dhruvaindavarapu/Documents/react_projects/5.13- Project- Restructure the App/vidly/index.js","statementMap":{"0":{"start":{"line":1,"column":0},"end":{"line":1,"column":31}},"1":{"start":{"line":2,"column":16},"end":{"line":2,"column":34}},"2":{"start":{"line":3,"column":16},"end":{"line":3,"column":34}},"3":{"start":{"line":4,"column":12},"end":{"line":4,"column":21}},"4":{"start":{"line":6,"column":0},"end":{"line":6,"column":33}},"5":{"start":{"line":7,"column":0},"end":{"line":7,"column":26}},"6":{"start":{"line":8,"column":0},"end":{"line":8,"column":30}},"7":{"start":{"line":9,"column":0},"end":{"line":9,"column":34}},"8":{"start":{"line":11,"column":0},"end":{"line":11,"column":71}},"9":{"start":{"line":13,"column":13},"end":{"line":13,"column":37}},"10":{"start":{"line":14,"column":15},"end":{"line":14,"column":82}},"11":{"start":{"line":14,"column":38},"end":{"line":14,"column":81}},"12":{"start":{"line":16,"column":0},"end":{"line":16,"column":24}}},"fnMap":{"0":{"name":"(anonymous_0)","decl":{"start":{"line":14,"column":32},"end":{"line":14,"column":33}},"loc":{"start":{"line":14,"column":38},"end":{"line":14,"column":81}},"line":14}},"branchMap":{"0":{"loc":{"start":{"line":13,"column":13},"end":{"line":13,"column":37}},"type":"binary-expr","locations":[{"start":{"line":13,"column":13},"end":{"line":13,"column":29}},{"start":{"line":13,"column":33},"end":{"line":13,"column":37}}],"line":13}},"s":{"0":1,"1":1,"2":1,"3":1,"4":1,"5":1,"6":1,"7":1,"8":1,"9":1,"10":1,"11":1,"12":1},"f":{"0":1},"b":{"0":[1,1]},"_coverageSchema":"1a1c01bbd47fc00a2c39e90264f33305004495a9","hash":"62768eef3225008c0e1f9f6e8c27ef140ae3af02"}
,"/Users/dhruvaindavarapu/Documents/react_projects/5.13- Project- Restructure the App/vidly/middleware/admin.js": {"path":"/Users/dhruvaindavarapu/Documents/react_projects/5.13- Project- Restructure the App/vidly/middleware/admin.js","statementMap":{"0":{"start":{"line":1,"column":0},"end":{"line":6,"column":1}},"1":{"start":{"line":3,"column":4},"end":{"line":3,"column":71}},"2":{"start":{"line":3,"column":26},"end":{"line":3,"column":71}},"3":{"start":{"line":5,"column":4},"end":{"line":5,"column":11}}},"fnMap":{"0":{"name":"(anonymous_0)","decl":{"start":{"line":1,"column":17},"end":{"line":1,"column":18}},"loc":{"start":{"line":1,"column":42},"end":{"line":6,"column":1}},"line":1}},"branchMap":{"0":{"loc":{"start":{"line":3,"column":4},"end":{"line":3,"column":71}},"type":"if","locations":[{"start":{"line":3,"column":4},"end":{"line":3,"column":71}},{"start":{},"end":{}}],"line":3}},"s":{"0":1,"1":0,"2":0,"3":0},"f":{"0":0},"b":{"0":[0,0]},"_coverageSchema":"1a1c01bbd47fc00a2c39e90264f33305004495a9","hash":"9e73c50c28e6e4d1ada5adb81452f7933bcf4777"}
,"/Users/dhruvaindavarapu/Documents/react_projects/5.13- Project- Restructure the App/vidly/middleware/auth.js": {"path":"/Users/dhruvaindavarapu/Documents/react_projects/5.13- Project- Restructure the App/vidly/middleware/auth.js","statementMap":{"0":{"start":{"line":1,"column":12},"end":{"line":1,"column":35}},"1":{"start":{"line":2,"column":15},"end":{"line":2,"column":32}},"2":{"start":{"line":3,"column":0},"end":{"line":15,"column":1}},"3":{"start":{"line":4,"column":16},"end":{"line":4,"column":42}},"4":{"start":{"line":5,"column":2},"end":{"line":5,"column":77}},"5":{"start":{"line":5,"column":13},"end":{"line":5,"column":77}},"6":{"start":{"line":7,"column":2},"end":{"line":14,"column":3}},"7":{"start":{"line":8,"column":20},"end":{"line":8,"column":66}},"8":{"start":{"line":9,"column":4},"end":{"line":9,"column":23}},"9":{"start":{"line":10,"column":4},"end":{"line":10,"column":11}},"10":{"start":{"line":13,"column":4},"end":{"line":13,"column":43}}},"fnMap":{"0":{"name":"(anonymous_0)","decl":{"start":{"line":3,"column":17},"end":{"line":3,"column":18}},"loc":{"start":{"line":3,"column":42},"end":{"line":15,"column":1}},"line":3}},"branchMap":{"0":{"loc":{"start":{"line":5,"column":2},"end":{"line":5,"column":77}},"type":"if","locations":[{"start":{"line":5,"column":2},"end":{"line":5,"column":77}},{"start":{},"end":{}}],"line":5}},"s":{"0":1,"1":1,"2":1,"3":5,"4":5,"5":1,"6":4,"7":4,"8":4,"9":4,"10":0},"f":{"0":5},"b":{"0":[1,4]},"_coverageSchema":"1a1c01bbd47fc00a2c39e90264f33305004495a9","hash":"22d32783fe0e6e21ac9f3d9c6551b38d86014f4c"}
,"/Users/dhruvaindavarapu/Documents/react_projects/5.13- Project- Restructure the App/vidly/middleware/error.js": {"path":"/Users/dhruvaindavarapu/Documents/react_projects/5.13- Project- Restructure the App/vidly/middleware/error.js","statementMap":{"0":{"start":{"line":1,"column":16},"end":{"line":1,"column":34}},"1":{"start":{"line":2,"column":0},"end":{"line":14,"column":1}},"2":{"start":{"line":4,"column":4},"end":{"line":4,"column":35}},"3":{"start":{"line":13,"column":4},"end":{"line":13,"column":45}}},"fnMap":{"0":{"name":"(anonymous_0)","decl":{"start":{"line":2,"column":17},"end":{"line":2,"column":18}},"loc":{"start":{"line":2,"column":46},"end":{"line":14,"column":1}},"line":2}},"branchMap":{},"s":{"0":1,"1":1,"2":0,"3":0},"f":{"0":0},"b":{},"_coverageSchema":"1a1c01bbd47fc00a2c39e90264f33305004495a9","hash":"a25027315b24291599368fc315189352ae3604e2"}
,"/Users/dhruvaindavarapu/Documents/react_projects/5.13- Project- Restructure the App/vidly/middleware/validateObjectId.js": {"path":"/Users/dhruvaindavarapu/Documents/react_projects/5.13- Project- Restructure the App/vidly/middleware/validateObjectId.js","statementMap":{"0":{"start":{"line":1,"column":17},"end":{"line":1,"column":36}},"1":{"start":{"line":2,"column":0},"end":{"line":7,"column":1}},"2":{"start":{"line":3,"column":4},"end":{"line":4,"column":50}},"3":{"start":{"line":4,"column":8},"end":{"line":4,"column":50}},"4":{"start":{"line":6,"column":4},"end":{"line":6,"column":11}}},"fnMap":{"0":{"name":"(anonymous_0)","decl":{"start":{"line":2,"column":17},"end":{"line":2,"column":18}},"loc":{"start":{"line":2,"column":41},"end":{"line":7,"column":1}},"line":2}},"branchMap":{"0":{"loc":{"start":{"line":3,"column":4},"end":{"line":4,"column":50}},"type":"if","locations":[{"start":{"line":3,"column":4},"end":{"line":4,"column":50}},{"start":{},"end":{}}],"line":3}},"s":{"0":1,"1":1,"2":2,"3":1,"4":1},"f":{"0":2},"b":{"0":[1,1]},"_coverageSchema":"1a1c01bbd47fc00a2c39e90264f33305004495a9","hash":"2cbc4a0536a3cd59719dca35160061f8f4782034"}
,"/Users/dhruvaindavarapu/Documents/react_projects/5.13- Project- Restructure the App/vidly/models/customer.js": {"path":"/Users/dhruvaindavarapu/Documents/react_projects/5.13- Project- Restructure the App/vidly/models/customer.js","statementMap":{"0":{"start":{"line":1,"column":12},"end":{"line":1,"column":26}},"1":{"start":{"line":2,"column":17},"end":{"line":2,"column":36}},"2":{"start":{"line":4,"column":17},"end":{"line":21,"column":3}},"3":{"start":{"line":24,"column":17},"end":{"line":28,"column":3}},"4":{"start":{"line":30,"column":2},"end":{"line":30,"column":40}},"5":{"start":{"line":33,"column":0},"end":{"line":33,"column":28}},"6":{"start":{"line":34,"column":0},"end":{"line":34,"column":36}}},"fnMap":{"0":{"name":"validateCustomer","decl":{"start":{"line":23,"column":9},"end":{"line":23,"column":25}},"loc":{"start":{"line":23,"column":36},"end":{"line":31,"column":1}},"line":23}},"branchMap":{},"s":{"0":1,"1":1,"2":1,"3":0,"4":0,"5":1,"6":1},"f":{"0":0},"b":{},"_coverageSchema":"1a1c01bbd47fc00a2c39e90264f33305004495a9","hash":"68b7c08d12bd43576a447de1fbf0d05e32da2d64"}
,"/Users/dhruvaindavarapu/Documents/react_projects/5.13- Project- Restructure the App/vidly/models/genre.js": {"path":"/Users/dhruvaindavarapu/Documents/react_projects/5.13- Project- Restructure the App/vidly/models/genre.js","statementMap":{"0":{"start":{"line":1,"column":12},"end":{"line":1,"column":26}},"1":{"start":{"line":2,"column":17},"end":{"line":2,"column":36}},"2":{"start":{"line":4,"column":20},"end":{"line":11,"column":2}},"3":{"start":{"line":13,"column":14},"end":{"line":13,"column":50}},"4":{"start":{"line":16,"column":17},"end":{"line":18,"column":3}},"5":{"start":{"line":20,"column":2},"end":{"line":20,"column":37}},"6":{"start":{"line":23,"column":0},"end":{"line":23,"column":34}},"7":{"start":{"line":24,"column":0},"end":{"line":24,"column":22}},"8":{"start":{"line":25,"column":0},"end":{"line":25,"column":33}}},"fnMap":{"0":{"name":"validateGenre","decl":{"start":{"line":15,"column":9},"end":{"line":15,"column":22}},"loc":{"start":{"line":15,"column":30},"end":{"line":21,"column":1}},"line":15}},"branchMap":{},"s":{"0":1,"1":1,"2":1,"3":1,"4":4,"5":4,"6":1,"7":1,"8":1},"f":{"0":4},"b":{},"_coverageSchema":"1a1c01bbd47fc00a2c39e90264f33305004495a9","hash":"016ef301fe2376dca047fc75ee3c8f1030c2fada"}
,"/Users/dhruvaindavarapu/Documents/react_projects/5.13- Project- Restructure the App/vidly/models/movie.js": {"path":"/Users/dhruvaindavarapu/Documents/react_projects/5.13- Project- Restructure the App/vidly/models/movie.js","statementMap":{"0":{"start":{"line":1,"column":12},"end":{"line":1,"column":26}},"1":{"start":{"line":2,"column":17},"end":{"line":2,"column":36}},"2":{"start":{"line":3,"column":22},"end":{"line":3,"column":40}},"3":{"start":{"line":5,"column":14},"end":{"line":29,"column":3}},"4":{"start":{"line":32,"column":17},"end":{"line":37,"column":3}},"5":{"start":{"line":39,"column":2},"end":{"line":39,"column":37}},"6":{"start":{"line":42,"column":0},"end":{"line":42,"column":22}},"7":{"start":{"line":43,"column":0},"end":{"line":43,"column":33}}},"fnMap":{"0":{"name":"validateMovie","decl":{"start":{"line":31,"column":9},"end":{"line":31,"column":22}},"loc":{"start":{"line":31,"column":30},"end":{"line":40,"column":1}},"line":31}},"branchMap":{},"s":{"0":1,"1":1,"2":1,"3":1,"4":0,"5":0,"6":1,"7":1},"f":{"0":0},"b":{},"_coverageSchema":"1a1c01bbd47fc00a2c39e90264f33305004495a9","hash":"cbeb9f90fa64e30125cc1cb63cbf5400aecb7cde"}
,"/Users/dhruvaindavarapu/Documents/react_projects/5.13- Project- Restructure the App/vidly/models/rental.js": {"path":"/Users/dhruvaindavarapu/Documents/react_projects/5.13- Project- Restructure the App/vidly/models/rental.js","statementMap":{"0":{"start":{"line":1,"column":12},"end":{"line":1,"column":26}},"1":{"start":{"line":2,"column":17},"end":{"line":2,"column":36}},"2":{"start":{"line":4,"column":15},"end":{"line":56,"column":3}},"3":{"start":{"line":59,"column":19},"end":{"line":62,"column":5}},"4":{"start":{"line":64,"column":4},"end":{"line":64,"column":40}},"5":{"start":{"line":67,"column":2},"end":{"line":67,"column":26}},"6":{"start":{"line":68,"column":2},"end":{"line":68,"column":36}}},"fnMap":{"0":{"name":"validateRental","decl":{"start":{"line":58,"column":9},"end":{"line":58,"column":23}},"loc":{"start":{"line":58,"column":32},"end":{"line":65,"column":3}},"line":58}},"branchMap":{},"s":{"0":1,"1":1,"2":1,"3":0,"4":0,"5":1,"6":1},"f":{"0":0},"b":{},"_coverageSchema":"1a1c01bbd47fc00a2c39e90264f33305004495a9","hash":"dfdb2319e337768b92c600949daa55f353d3fc40"}
,"/Users/dhruvaindavarapu/Documents/react_projects/5.13- Project- Restructure the App/vidly/models/user.js": {"path":"/Users/dhruvaindavarapu/Documents/react_projects/5.13- Project- Restructure the App/vidly/models/user.js","statementMap":{"0":{"start":{"line":1,"column":12},"end":{"line":1,"column":26}},"1":{"start":{"line":2,"column":15},"end":{"line":2,"column":32}},"2":{"start":{"line":3,"column":12},"end":{"line":3,"column":35}},"3":{"start":{"line":4,"column":17},"end":{"line":4,"column":36}},"4":{"start":{"line":6,"column":19},"end":{"line":27,"column":2}},"5":{"start":{"line":28,"column":0},"end":{"line":31,"column":1}},"6":{"start":{"line":29,"column":16},"end":{"line":29,"column":93}},"7":{"start":{"line":30,"column":2},"end":{"line":30,"column":15}},"8":{"start":{"line":32,"column":13},"end":{"line":32,"column":47}},"9":{"start":{"line":35,"column":17},"end":{"line":39,"column":3}},"10":{"start":{"line":41,"column":2},"end":{"line":41,"column":36}},"11":{"start":{"line":44,"column":0},"end":{"line":44,"column":20}},"12":{"start":{"line":45,"column":0},"end":{"line":45,"column":32}}},"fnMap":{"0":{"name":"(anonymous_0)","decl":{"start":{"line":28,"column":39},"end":{"line":28,"column":40}},"loc":{"start":{"line":28,"column":50},"end":{"line":31,"column":1}},"line":28},"1":{"name":"validateUser","decl":{"start":{"line":34,"column":9},"end":{"line":34,"column":21}},"loc":{"start":{"line":34,"column":28},"end":{"line":42,"column":1}},"line":34}},"branchMap":{},"s":{"0":2,"1":2,"2":2,"3":2,"4":2,"5":2,"6":6,"7":6,"8":2,"9":0,"10":0,"11":2,"12":2},"f":{"0":6,"1":0},"b":{},"_coverageSchema":"1a1c01bbd47fc00a2c39e90264f33305004495a9","hash":"ac03055e29b1128fc69671937423b0dce148cb2e"}
,"/Users/dhruvaindavarapu/Documents/react_projects/5.13- Project- Restructure the App/vidly/routes/auth.js": {"path":"/Users/dhruvaindavarapu/Documents/react_projects/5.13- Project- Restructure the App/vidly/routes/auth.js","statementMap":{"0":{"start":{"line":1,"column":12},"end":{"line":1,"column":26}},"1":{"start":{"line":2,"column":15},"end":{"line":2,"column":32}},"2":{"start":{"line":3,"column":16},"end":{"line":3,"column":41}},"3":{"start":{"line":4,"column":10},"end":{"line":4,"column":27}},"4":{"start":{"line":5,"column":17},"end":{"line":5,"column":36}},"5":{"start":{"line":6,"column":16},"end":{"line":6,"column":34}},"6":{"start":{"line":7,"column":15},"end":{"line":7,"column":31}},"7":{"start":{"line":9,"column":0},"end":{"line":22,"column":3}},"8":{"start":{"line":10,"column":22},"end":{"line":10,"column":40}},"9":{"start":{"line":11,"column":4},"end":{"line":11,"column":69}},"10":{"start":{"line":11,"column":15},"end":{"line":11,"column":69}},"11":{"start":{"line":13,"column":15},"end":{"line":13,"column":58}},"12":{"start":{"line":15,"column":4},"end":{"line":15,"column":72}},"13":{"start":{"line":15,"column":14},"end":{"line":15,"column":72}},"14":{"start":{"line":17,"column":26},"end":{"line":17,"column":80}},"15":{"start":{"line":18,"column":4},"end":{"line":18,"column":74}},"16":{"start":{"line":18,"column":23},"end":{"line":18,"column":74}},"17":{"start":{"line":20,"column":18},"end":{"line":20,"column":42}},"18":{"start":{"line":21,"column":4},"end":{"line":21,"column":20}},"19":{"start":{"line":25,"column":19},"end":{"line":28,"column":5}},"20":{"start":{"line":30,"column":4},"end":{"line":30,"column":37}},"21":{"start":{"line":33,"column":0},"end":{"line":33,"column":24}}},"fnMap":{"0":{"name":"(anonymous_0)","decl":{"start":{"line":9,"column":17},"end":{"line":9,"column":18}},"loc":{"start":{"line":9,"column":37},"end":{"line":22,"column":1}},"line":9},"1":{"name":"validate","decl":{"start":{"line":24,"column":9},"end":{"line":24,"column":17}},"loc":{"start":{"line":24,"column":23},"end":{"line":31,"column":3}},"line":24}},"branchMap":{"0":{"loc":{"start":{"line":11,"column":4},"end":{"line":11,"column":69}},"type":"if","locations":[{"start":{"line":11,"column":4},"end":{"line":11,"column":69}},{"start":{},"end":{}}],"line":11},"1":{"loc":{"start":{"line":15,"column":4},"end":{"line":15,"column":72}},"type":"if","locations":[{"start":{"line":15,"column":4},"end":{"line":15,"column":72}},{"start":{},"end":{}}],"line":15},"2":{"loc":{"start":{"line":18,"column":4},"end":{"line":18,"column":74}},"type":"if","locations":[{"start":{"line":18,"column":4},"end":{"line":18,"column":74}},{"start":{},"end":{}}],"line":18}},"s":{"0":1,"1":1,"2":1,"3":1,"4":1,"5":1,"6":1,"7":1,"8":0,"9":0,"10":0,"11":0,"12":0,"13":0,"14":0,"15":0,"16":0,"17":0,"18":0,"19":0,"20":0,"21":1},"f":{"0":0,"1":0},"b":{"0":[0,0],"1":[0,0],"2":[0,0]},"_coverageSchema":"1a1c01bbd47fc00a2c39e90264f33305004495a9","hash":"234e2bd2a5f96a5610b7a75d2b30a1ad2901836f"}
,"/Users/dhruvaindavarapu/Documents/react_projects/5.13- Project- Restructure the App/vidly/routes/customers.js": {"path":"/Users/dhruvaindavarapu/Documents/react_projects/5.13- Project- Restructure the App/vidly/routes/customers.js","statementMap":{"0":{"start":{"line":1,"column":29},"end":{"line":1,"column":58}},"1":{"start":{"line":2,"column":17},"end":{"line":2,"column":36}},"2":{"start":{"line":3,"column":16},"end":{"line":3,"column":34}},"3":{"start":{"line":4,"column":15},"end":{"line":4,"column":31}},"4":{"start":{"line":6,"column":0},"end":{"line":9,"column":3}},"5":{"start":{"line":7,"column":20},"end":{"line":7,"column":54}},"6":{"start":{"line":8,"column":2},"end":{"line":8,"column":22}},"7":{"start":{"line":11,"column":0},"end":{"line":23,"column":3}},"8":{"start":{"line":12,"column":20},"end":{"line":12,"column":38}},"9":{"start":{"line":13,"column":2},"end":{"line":13,"column":67}},"10":{"start":{"line":13,"column":13},"end":{"line":13,"column":67}},"11":{"start":{"line":15,"column":17},"end":{"line":19,"column":4}},"12":{"start":{"line":20,"column":2},"end":{"line":20,"column":35}},"13":{"start":{"line":22,"column":2},"end":{"line":22,"column":21}},"14":{"start":{"line":25,"column":0},"end":{"line":39,"column":3}},"15":{"start":{"line":26,"column":20},"end":{"line":26,"column":38}},"16":{"start":{"line":27,"column":2},"end":{"line":27,"column":67}},"17":{"start":{"line":27,"column":13},"end":{"line":27,"column":67}},"18":{"start":{"line":29,"column":19},"end":{"line":34,"column":21}},"19":{"start":{"line":36,"column":2},"end":{"line":36,"column":94}},"20":{"start":{"line":36,"column":17},"end":{"line":36,"column":94}},"21":{"start":{"line":38,"column":2},"end":{"line":38,"column":21}},"22":{"start":{"line":41,"column":0},"end":{"line":47,"column":3}},"23":{"start":{"line":42,"column":19},"end":{"line":42,"column":66}},"24":{"start":{"line":44,"column":2},"end":{"line":44,"column":94}},"25":{"start":{"line":44,"column":17},"end":{"line":44,"column":94}},"26":{"start":{"line":46,"column":2},"end":{"line":46,"column":21}},"27":{"start":{"line":49,"column":0},"end":{"line":55,"column":3}},"28":{"start":{"line":50,"column":19},"end":{"line":50,"column":57}},"29":{"start":{"line":52,"column":2},"end":{"line":52,"column":94}},"30":{"start":{"line":52,"column":17},"end":{"line":52,"column":94}},"31":{"start":{"line":54,"column":2},"end":{"line":54,"column":21}},"32":{"start":{"line":57,"column":0},"end":{"line":57,"column":24}}},"fnMap":{"0":{"name":"(anonymous_0)","decl":{"start":{"line":6,"column":16},"end":{"line":6,"column":17}},"loc":{"start":{"line":6,"column":36},"end":{"line":9,"column":1}},"line":6},"1":{"name":"(anonymous_1)","decl":{"start":{"line":11,"column":17},"end":{"line":11,"column":18}},"loc":{"start":{"line":11,"column":37},"end":{"line":23,"column":1}},"line":11},"2":{"name":"(anonymous_2)","decl":{"start":{"line":25,"column":19},"end":{"line":25,"column":20}},"loc":{"start":{"line":25,"column":39},"end":{"line":39,"column":1}},"line":25},"3":{"name":"(anonymous_3)","decl":{"start":{"line":41,"column":22},"end":{"line":41,"column":23}},"loc":{"start":{"line":41,"column":42},"end":{"line":47,"column":1}},"line":41},"4":{"name":"(anonymous_4)","decl":{"start":{"line":49,"column":19},"end":{"line":49,"column":20}},"loc":{"start":{"line":49,"column":39},"end":{"line":55,"column":1}},"line":49}},"branchMap":{"0":{"loc":{"start":{"line":13,"column":2},"end":{"line":13,"column":67}},"type":"if","locations":[{"start":{"line":13,"column":2},"end":{"line":13,"column":67}},{"start":{},"end":{}}],"line":13},"1":{"loc":{"start":{"line":27,"column":2},"end":{"line":27,"column":67}},"type":"if","locations":[{"start":{"line":27,"column":2},"end":{"line":27,"column":67}},{"start":{},"end":{}}],"line":27},"2":{"loc":{"start":{"line":36,"column":2},"end":{"line":36,"column":94}},"type":"if","locations":[{"start":{"line":36,"column":2},"end":{"line":36,"column":94}},{"start":{},"end":{}}],"line":36},"3":{"loc":{"start":{"line":44,"column":2},"end":{"line":44,"column":94}},"type":"if","locations":[{"start":{"line":44,"column":2},"end":{"line":44,"column":94}},{"start":{},"end":{}}],"line":44},"4":{"loc":{"start":{"line":52,"column":2},"end":{"line":52,"column":94}},"type":"if","locations":[{"start":{"line":52,"column":2},"end":{"line":52,"column":94}},{"start":{},"end":{}}],"line":52}},"s":{"0":1,"1":1,"2":1,"3":1,"4":1,"5":0,"6":0,"7":1,"8":0,"9":0,"10":0,"11":0,"12":0,"13":0,"14":1,"15":0,"16":0,"17":0,"18":0,"19":0,"20":0,"21":0,"22":1,"23":0,"24":0,"25":0,"26":0,"27":1,"28":0,"29":0,"30":0,"31":0,"32":1},"f":{"0":0,"1":0,"2":0,"3":0,"4":0},"b":{"0":[0,0],"1":[0,0],"2":[0,0],"3":[0,0],"4":[0,0]},"_coverageSchema":"1a1c01bbd47fc00a2c39e90264f33305004495a9","hash":"f794973676132bfd656e12a0522b5b28b225c4ae"}
,"/Users/dhruvaindavarapu/Documents/react_projects/5.13- Project- Restructure the App/vidly/routes/genres.js": {"path":"/Users/dhruvaindavarapu/Documents/react_projects/5.13- Project- Restructure the App/vidly/routes/genres.js","statementMap":{"0":{"start":{"line":1,"column":13},"end":{"line":1,"column":42}},"1":{"start":{"line":2,"column":26},"end":{"line":2,"column":52}},"2":{"start":{"line":3,"column":17},"end":{"line":3,"column":36}},"3":{"start":{"line":4,"column":16},"end":{"line":4,"column":34}},"4":{"start":{"line":5,"column":14},"end":{"line":5,"column":44}},"5":{"start":{"line":6,"column":15},"end":{"line":6,"column":31}},"6":{"start":{"line":7,"column":25},"end":{"line":7,"column":66}},"7":{"start":{"line":9,"column":0},"end":{"line":13,"column":3}},"8":{"start":{"line":11,"column":19},"end":{"line":11,"column":50}},"9":{"start":{"line":12,"column":4},"end":{"line":12,"column":21}},"10":{"start":{"line":15,"column":0},"end":{"line":24,"column":3}},"11":{"start":{"line":17,"column":20},"end":{"line":17,"column":38}},"12":{"start":{"line":18,"column":2},"end":{"line":18,"column":67}},"13":{"start":{"line":18,"column":13},"end":{"line":18,"column":67}},"14":{"start":{"line":20,"column":14},"end":{"line":20,"column":48}},"15":{"start":{"line":21,"column":2},"end":{"line":21,"column":29}},"16":{"start":{"line":23,"column":2},"end":{"line":23,"column":18}},"17":{"start":{"line":26,"column":0},"end":{"line":37,"column":3}},"18":{"start":{"line":27,"column":20},"end":{"line":27,"column":38}},"19":{"start":{"line":28,"column":2},"end":{"line":28,"column":67}},"20":{"start":{"line":28,"column":13},"end":{"line":28,"column":67}},"21":{"start":{"line":30,"column":16},"end":{"line":32,"column":4}},"22":{"start":{"line":34,"column":2},"end":{"line":34,"column":88}},"23":{"start":{"line":34,"column":14},"end":{"line":34,"column":88}},"24":{"start":{"line":36,"column":2},"end":{"line":36,"column":18}},"25":{"start":{"line":39,"column":0},"end":{"line":45,"column":3}},"26":{"start":{"line":40,"column":16},"end":{"line":40,"column":60}},"27":{"start":{"line":42,"column":2},"end":{"line":42,"column":88}},"28":{"start":{"line":42,"column":14},"end":{"line":42,"column":88}},"29":{"start":{"line":44,"column":2},"end":{"line":44,"column":18}},"30":{"start":{"line":47,"column":0},"end":{"line":54,"column":3}},"31":{"start":{"line":49,"column":16},"end":{"line":49,"column":51}},"32":{"start":{"line":51,"column":2},"end":{"line":51,"column":88}},"33":{"start":{"line":51,"column":14},"end":{"line":51,"column":88}},"34":{"start":{"line":53,"column":2},"end":{"line":53,"column":18}},"35":{"start":{"line":56,"column":0},"end":{"line":56,"column":24}}},"fnMap":{"0":{"name":"(anonymous_0)","decl":{"start":{"line":9,"column":16},"end":{"line":9,"column":17}},"loc":{"start":{"line":9,"column":36},"end":{"line":13,"column":1}},"line":9},"1":{"name":"(anonymous_1)","decl":{"start":{"line":15,"column":23},"end":{"line":15,"column":24}},"loc":{"start":{"line":15,"column":43},"end":{"line":24,"column":1}},"line":15},"2":{"name":"(anonymous_2)","decl":{"start":{"line":26,"column":19},"end":{"line":26,"column":20}},"loc":{"start":{"line":26,"column":39},"end":{"line":37,"column":1}},"line":26},"3":{"name":"(anonymous_3)","decl":{"start":{"line":39,"column":37},"end":{"line":39,"column":38}},"loc":{"start":{"line":39,"column":57},"end":{"line":45,"column":1}},"line":39},"4":{"name":"(anonymous_4)","decl":{"start":{"line":47,"column":36},"end":{"line":47,"column":37}},"loc":{"start":{"line":47,"column":56},"end":{"line":54,"column":1}},"line":47}},"branchMap":{"0":{"loc":{"start":{"line":18,"column":2},"end":{"line":18,"column":67}},"type":"if","locations":[{"start":{"line":18,"column":2},"end":{"line":18,"column":67}},{"start":{},"end":{}}],"line":18},"1":{"loc":{"start":{"line":28,"column":2},"end":{"line":28,"column":67}},"type":"if","locations":[{"start":{"line":28,"column":2},"end":{"line":28,"column":67}},{"start":{},"end":{}}],"line":28},"2":{"loc":{"start":{"line":34,"column":2},"end":{"line":34,"column":88}},"type":"if","locations":[{"start":{"line":34,"column":2},"end":{"line":34,"column":88}},{"start":{},"end":{}}],"line":34},"3":{"loc":{"start":{"line":42,"column":2},"end":{"line":42,"column":88}},"type":"if","locations":[{"start":{"line":42,"column":2},"end":{"line":42,"column":88}},{"start":{},"end":{}}],"line":42},"4":{"loc":{"start":{"line":51,"column":2},"end":{"line":51,"column":88}},"type":"if","locations":[{"start":{"line":51,"column":2},"end":{"line":51,"column":88}},{"start":{},"end":{}}],"line":51}},"s":{"0":1,"1":1,"2":1,"3":1,"4":1,"5":1,"6":1,"7":1,"8":1,"9":1,"10":1,"11":4,"12":4,"13":2,"14":2,"15":2,"16":2,"17":1,"18":0,"19":0,"20":0,"21":0,"22":0,"23":0,"24":0,"25":1,"26":0,"27":0,"28":0,"29":0,"30":1,"31":1,"32":1,"33":0,"34":1,"35":1},"f":{"0":1,"1":4,"2":0,"3":0,"4":1},"b":{"0":[2,2],"1":[0,0],"2":[0,0],"3":[0,0],"4":[0,1]},"_coverageSchema":"1a1c01bbd47fc00a2c39e90264f33305004495a9","hash":"e400bafb9e8e9e87ffa3cbbddd6c786c6ccf2057"}
,"/Users/dhruvaindavarapu/Documents/react_projects/5.13- Project- Restructure the App/vidly/routes/movies.js": {"path":"/Users/dhruvaindavarapu/Documents/react_projects/5.13- Project- Restructure the App/vidly/routes/movies.js","statementMap":{"0":{"start":{"line":1,"column":26},"end":{"line":1,"column":52}},"1":{"start":{"line":2,"column":16},"end":{"line":2,"column":42}},"2":{"start":{"line":3,"column":17},"end":{"line":3,"column":36}},"3":{"start":{"line":4,"column":16},"end":{"line":4,"column":34}},"4":{"start":{"line":5,"column":15},"end":{"line":5,"column":31}},"5":{"start":{"line":7,"column":0},"end":{"line":10,"column":3}},"6":{"start":{"line":8,"column":19},"end":{"line":8,"column":50}},"7":{"start":{"line":9,"column":4},"end":{"line":9,"column":21}},"8":{"start":{"line":12,"column":0},"end":{"line":31,"column":2}},"9":{"start":{"line":13,"column":20},"end":{"line":13,"column":38}},"10":{"start":{"line":14,"column":4},"end":{"line":14,"column":68}},"11":{"start":{"line":14,"column":14},"end":{"line":14,"column":68}},"12":{"start":{"line":16,"column":18},"end":{"line":16,"column":56}},"13":{"start":{"line":17,"column":4},"end":{"line":17,"column":61}},"14":{"start":{"line":17,"column":15},"end":{"line":17,"column":61}},"15":{"start":{"line":19,"column":18},"end":{"line":27,"column":6}},"16":{"start":{"line":28,"column":4},"end":{"line":28,"column":23}},"17":{"start":{"line":30,"column":4},"end":{"line":30,"column":20}},"18":{"start":{"line":33,"column":0},"end":{"line":53,"column":2}},"19":{"start":{"line":34,"column":20},"end":{"line":34,"column":38}},"20":{"start":{"line":35,"column":4},"end":{"line":35,"column":68}},"21":{"start":{"line":35,"column":14},"end":{"line":35,"column":68}},"22":{"start":{"line":37,"column":18},"end":{"line":37,"column":56}},"23":{"start":{"line":38,"column":4},"end":{"line":38,"column":61}},"24":{"start":{"line":38,"column":15},"end":{"line":38,"column":61}},"25":{"start":{"line":40,"column":18},"end":{"line":49,"column":23}},"26":{"start":{"line":51,"column":4},"end":{"line":51,"column":89}},"27":{"start":{"line":51,"column":15},"end":{"line":51,"column":89}},"28":{"start":{"line":52,"column":4},"end":{"line":52,"column":20}},"29":{"start":{"line":55,"column":0},"end":{"line":60,"column":2}},"30":{"start":{"line":56,"column":18},"end":{"line":56,"column":62}},"31":{"start":{"line":58,"column":4},"end":{"line":58,"column":88}},"32":{"start":{"line":58,"column":15},"end":{"line":58,"column":88}},"33":{"start":{"line":59,"column":4},"end":{"line":59,"column":20}},"34":{"start":{"line":62,"column":0},"end":{"line":68,"column":2}},"35":{"start":{"line":63,"column":18},"end":{"line":63,"column":53}},"36":{"start":{"line":65,"column":4},"end":{"line":65,"column":88}},"37":{"start":{"line":65,"column":15},"end":{"line":65,"column":88}},"38":{"start":{"line":67,"column":4},"end":{"line":67,"column":20}},"39":{"start":{"line":70,"column":0},"end":{"line":70,"column":24}}},"fnMap":{"0":{"name":"(anonymous_0)","decl":{"start":{"line":7,"column":16},"end":{"line":7,"column":17}},"loc":{"start":{"line":7,"column":35},"end":{"line":10,"column":1}},"line":7},"1":{"name":"(anonymous_1)","decl":{"start":{"line":12,"column":17},"end":{"line":12,"column":18}},"loc":{"start":{"line":12,"column":36},"end":{"line":31,"column":1}},"line":12},"2":{"name":"(anonymous_2)","decl":{"start":{"line":33,"column":19},"end":{"line":33,"column":20}},"loc":{"start":{"line":33,"column":39},"end":{"line":53,"column":1}},"line":33},"3":{"name":"(anonymous_3)","decl":{"start":{"line":55,"column":22},"end":{"line":55,"column":23}},"loc":{"start":{"line":55,"column":40},"end":{"line":60,"column":1}},"line":55},"4":{"name":"(anonymous_4)","decl":{"start":{"line":62,"column":19},"end":{"line":62,"column":20}},"loc":{"start":{"line":62,"column":37},"end":{"line":68,"column":1}},"line":62}},"branchMap":{"0":{"loc":{"start":{"line":14,"column":4},"end":{"line":14,"column":68}},"type":"if","locations":[{"start":{"line":14,"column":4},"end":{"line":14,"column":68}},{"start":{},"end":{}}],"line":14},"1":{"loc":{"start":{"line":17,"column":4},"end":{"line":17,"column":61}},"type":"if","locations":[{"start":{"line":17,"column":4},"end":{"line":17,"column":61}},{"start":{},"end":{}}],"line":17},"2":{"loc":{"start":{"line":35,"column":4},"end":{"line":35,"column":68}},"type":"if","locations":[{"start":{"line":35,"column":4},"end":{"line":35,"column":68}},{"start":{},"end":{}}],"line":35},"3":{"loc":{"start":{"line":38,"column":4},"end":{"line":38,"column":61}},"type":"if","locations":[{"start":{"line":38,"column":4},"end":{"line":38,"column":61}},{"start":{},"end":{}}],"line":38},"4":{"loc":{"start":{"line":51,"column":4},"end":{"line":51,"column":89}},"type":"if","locations":[{"start":{"line":51,"column":4},"end":{"line":51,"column":89}},{"start":{},"end":{}}],"line":51},"5":{"loc":{"start":{"line":58,"column":4},"end":{"line":58,"column":88}},"type":"if","locations":[{"start":{"line":58,"column":4},"end":{"line":58,"column":88}},{"start":{},"end":{}}],"line":58},"6":{"loc":{"start":{"line":65,"column":4},"end":{"line":65,"column":88}},"type":"if","locations":[{"start":{"line":65,"column":4},"end":{"line":65,"column":88}},{"start":{},"end":{}}],"line":65}},"s":{"0":1,"1":1,"2":1,"3":1,"4":1,"5":1,"6":0,"7":0,"8":1,"9":0,"10":0,"11":0,"12":0,"13":0,"14":0,"15":0,"16":0,"17":0,"18":1,"19":0,"20":0,"21":0,"22":0,"23":0,"24":0,"25":0,"26":0,"27":0,"28":0,"29":1,"30":0,"31":0,"32":0,"33":0,"34":1,"35":0,"36":0,"37":0,"38":0,"39":1},"f":{"0":0,"1":0,"2":0,"3":0,"4":0},"b":{"0":[0,0],"1":[0,0],"2":[0,0],"3":[0,0],"4":[0,0],"5":[0,0],"6":[0,0]},"_coverageSchema":"1a1c01bbd47fc00a2c39e90264f33305004495a9","hash":"11e64caa064ac01b8d3fbe310b84306c847a0e4b"}
,"/Users/dhruvaindavarapu/Documents/react_projects/5.13- Project- Restructure the App/vidly/routes/rentals.js": {"path":"/Users/dhruvaindavarapu/Documents/react_projects/5.13- Project- Restructure the App/vidly/routes/rentals.js","statementMap":{"0":{"start":{"line":1,"column":27},"end":{"line":1,"column":54}},"1":{"start":{"line":2,"column":16},"end":{"line":2,"column":42}},"2":{"start":{"line":3,"column":19},"end":{"line":3,"column":48}},"3":{"start":{"line":4,"column":17},"end":{"line":4,"column":36}},"4":{"start":{"line":5,"column":16},"end":{"line":5,"column":34}},"5":{"start":{"line":6,"column":15},"end":{"line":6,"column":31}},"6":{"start":{"line":7,"column":13},"end":{"line":7,"column":28}},"7":{"start":{"line":8,"column":25},"end":{"line":8,"column":39}},"8":{"start":{"line":10,"column":0},"end":{"line":10,"column":20}},"9":{"start":{"line":12,"column":0},"end":{"line":15,"column":3}},"10":{"start":{"line":13,"column":18},"end":{"line":13,"column":54}},"11":{"start":{"line":14,"column":2},"end":{"line":14,"column":20}},"12":{"start":{"line":17,"column":0},"end":{"line":56,"column":3}},"13":{"start":{"line":18,"column":20},"end":{"line":18,"column":38}},"14":{"start":{"line":19,"column":2},"end":{"line":19,"column":67}},"15":{"start":{"line":19,"column":13},"end":{"line":19,"column":67}},"16":{"start":{"line":21,"column":19},"end":{"line":21,"column":63}},"17":{"start":{"line":22,"column":2},"end":{"line":22,"column":66}},"18":{"start":{"line":22,"column":17},"end":{"line":22,"column":66}},"19":{"start":{"line":24,"column":16},"end":{"line":24,"column":54}},"20":{"start":{"line":25,"column":2},"end":{"line":25,"column":60}},"21":{"start":{"line":25,"column":14},"end":{"line":25,"column":60}},"22":{"start":{"line":27,"column":2},"end":{"line":27,"column":84}},"23":{"start":{"line":27,"column":33},"end":{"line":27,"column":84}},"24":{"start":{"line":29,"column":15},"end":{"line":40,"column":4}},"25":{"start":{"line":42,"column":2},"end":{"line":54,"column":3}},"26":{"start":{"line":43,"column":4},"end":{"line":48,"column":13}},"27":{"start":{"line":50,"column":4},"end":{"line":50,"column":21}},"28":{"start":{"line":53,"column":4},"end":{"line":53,"column":45}},"29":{"start":{"line":58,"column":0},"end":{"line":64,"column":3}},"30":{"start":{"line":59,"column":17},"end":{"line":59,"column":53}},"31":{"start":{"line":61,"column":2},"end":{"line":61,"column":90}},"32":{"start":{"line":61,"column":15},"end":{"line":61,"column":90}},"33":{"start":{"line":63,"column":2},"end":{"line":63,"column":19}},"34":{"start":{"line":66,"column":0},"end":{"line":66,"column":24}}},"fnMap":{"0":{"name":"(anonymous_0)","decl":{"start":{"line":12,"column":16},"end":{"line":12,"column":17}},"loc":{"start":{"line":12,"column":36},"end":{"line":15,"column":1}},"line":12},"1":{"name":"(anonymous_1)","decl":{"start":{"line":17,"column":17},"end":{"line":17,"column":18}},"loc":{"start":{"line":17,"column":37},"end":{"line":56,"column":1}},"line":17},"2":{"name":"(anonymous_2)","decl":{"start":{"line":58,"column":19},"end":{"line":58,"column":20}},"loc":{"start":{"line":58,"column":39},"end":{"line":64,"column":1}},"line":58}},"branchMap":{"0":{"loc":{"start":{"line":19,"column":2},"end":{"line":19,"column":67}},"type":"if","locations":[{"start":{"line":19,"column":2},"end":{"line":19,"column":67}},{"start":{},"end":{}}],"line":19},"1":{"loc":{"start":{"line":22,"column":2},"end":{"line":22,"column":66}},"type":"if","locations":[{"start":{"line":22,"column":2},"end":{"line":22,"column":66}},{"start":{},"end":{}}],"line":22},"2":{"loc":{"start":{"line":25,"column":2},"end":{"line":25,"column":60}},"type":"if","locations":[{"start":{"line":25,"column":2},"end":{"line":25,"column":60}},{"start":{},"end":{}}],"line":25},"3":{"loc":{"start":{"line":27,"column":2},"end":{"line":27,"column":84}},"type":"if","locations":[{"start":{"line":27,"column":2},"end":{"line":27,"column":84}},{"start":{},"end":{}}],"line":27},"4":{"loc":{"start":{"line":61,"column":2},"end":{"line":61,"column":90}},"type":"if","locations":[{"start":{"line":61,"column":2},"end":{"line":61,"column":90}},{"start":{},"end":{}}],"line":61}},"s":{"0":1,"1":1,"2":1,"3":1,"4":1,"5":1,"6":1,"7":1,"8":1,"9":1,"10":0,"11":0,"12":1,"13":0,"14":0,"15":0,"16":0,"17":0,"18":0,"19":0,"20":0,"21":0,"22":0,"23":0,"24":0,"25":0,"26":0,"27":0,"28":0,"29":1,"30":0,"31":0,"32":0,"33":0,"34":1},"f":{"0":0,"1":0,"2":0},"b":{"0":[0,0],"1":[0,0],"2":[0,0],"3":[0,0],"4":[0,0]},"_coverageSchema":"1a1c01bbd47fc00a2c39e90264f33305004495a9","hash":"a889c955efa4c698de27cb08affd247915b717eb"}
,"/Users/dhruvaindavarapu/Documents/react_projects/5.13- Project- Restructure the App/vidly/routes/users.js": {"path":"/Users/dhruvaindavarapu/Documents/react_projects/5.13- Project- Restructure the App/vidly/routes/users.js","statementMap":{"0":{"start":{"line":1,"column":13},"end":{"line":1,"column":42}},"1":{"start":{"line":2,"column":15},"end":{"line":2,"column":32}},"2":{"start":{"line":3,"column":12},"end":{"line":3,"column":35}},"3":{"start":{"line":4,"column":15},"end":{"line":4,"column":32}},"4":{"start":{"line":5,"column":25},"end":{"line":5,"column":50}},"5":{"start":{"line":6,"column":10},"end":{"line":6,"column":27}},"6":{"start":{"line":7,"column":17},"end":{"line":7,"column":36}},"7":{"start":{"line":8,"column":16},"end":{"line":8,"column":34}},"8":{"start":{"line":9,"column":15},"end":{"line":9,"column":31}},"9":{"start":{"line":11,"column":0},"end":{"line":14,"column":2}},"10":{"start":{"line":12,"column":17},"end":{"line":12,"column":70}},"11":{"start":{"line":13,"column":4},"end":{"line":13,"column":19}},"12":{"start":{"line":16,"column":0},"end":{"line":32,"column":3}},"13":{"start":{"line":17,"column":22},"end":{"line":17,"column":40}},"14":{"start":{"line":18,"column":4},"end":{"line":18,"column":69}},"15":{"start":{"line":18,"column":15},"end":{"line":18,"column":69}},"16":{"start":{"line":20,"column":15},"end":{"line":20,"column":58}},"17":{"start":{"line":22,"column":4},"end":{"line":22,"column":69}},"18":{"start":{"line":22,"column":13},"end":{"line":22,"column":69}},"19":{"start":{"line":24,"column":4},"end":{"line":24,"column":67}},"20":{"start":{"line":26,"column":17},"end":{"line":26,"column":41}},"21":{"start":{"line":27,"column":4},"end":{"line":27,"column":57}},"22":{"start":{"line":29,"column":4},"end":{"line":29,"column":22}},"23":{"start":{"line":30,"column":18},"end":{"line":30,"column":42}},"24":{"start":{"line":31,"column":4},"end":{"line":31,"column":82}},"25":{"start":{"line":34,"column":0},"end":{"line":34,"column":24}}},"fnMap":{"0":{"name":"(anonymous_0)","decl":{"start":{"line":11,"column":24},"end":{"line":11,"column":25}},"loc":{"start":{"line":11,"column":44},"end":{"line":14,"column":1}},"line":11},"1":{"name":"(anonymous_1)","decl":{"start":{"line":16,"column":17},"end":{"line":16,"column":18}},"loc":{"start":{"line":16,"column":37},"end":{"line":32,"column":1}},"line":16}},"branchMap":{"0":{"loc":{"start":{"line":18,"column":4},"end":{"line":18,"column":69}},"type":"if","locations":[{"start":{"line":18,"column":4},"end":{"line":18,"column":69}},{"start":{},"end":{}}],"line":18},"1":{"loc":{"start":{"line":22,"column":4},"end":{"line":22,"column":69}},"type":"if","locations":[{"start":{"line":22,"column":4},"end":{"line":22,"column":69}},{"start":{},"end":{}}],"line":22}},"s":{"0":1,"1":1,"2":1,"3":1,"4":1,"5":1,"6":1,"7":1,"8":1,"9":1,"10":0,"11":0,"12":1,"13":0,"14":0,"15":0,"16":0,"17":0,"18":0,"19":0,"20":0,"21":0,"22":0,"23":0,"24":0,"25":1},"f":{"0":0,"1":0},"b":{"0":[0,0],"1":[0,0]},"_coverageSchema":"1a1c01bbd47fc00a2c39e90264f33305004495a9","hash":"b5231bf619175c6fdaee6d4271e1af0eb687c6ef"}
,"/Users/dhruvaindavarapu/Documents/react_projects/5.13- Project- Restructure the App/vidly/startup/config.js": {"path":"/Users/dhruvaindavarapu/Documents/react_projects/5.13- Project- Restructure the App/vidly/startup/config.js","statementMap":{"0":{"start":{"line":1,"column":15},"end":{"line":1,"column":32}},"1":{"start":{"line":2,"column":0},"end":{"line":7,"column":1}},"2":{"start":{"line":3,"column":4},"end":{"line":6,"column":5}},"3":{"start":{"line":4,"column":8},"end":{"line":4,"column":65}},"4":{"start":{"line":5,"column":8},"end":{"line":5,"column":23}}},"fnMap":{"0":{"name":"(anonymous_0)","decl":{"start":{"line":2,"column":17},"end":{"line":2,"column":18}},"loc":{"start":{"line":2,"column":27},"end":{"line":7,"column":1}},"line":2}},"branchMap":{"0":{"loc":{"start":{"line":3,"column":4},"end":{"line":6,"column":5}},"type":"if","locations":[{"start":{"line":3,"column":4},"end":{"line":6,"column":5}},{"start":{},"end":{}}],"line":3}},"s":{"0":1,"1":1,"2":1,"3":0,"4":0},"f":{"0":1},"b":{"0":[0,1]},"_coverageSchema":"1a1c01bbd47fc00a2c39e90264f33305004495a9","hash":"be9dbc9a256ab54264830d8eb9f903975f88e60e"}
,"/Users/dhruvaindavarapu/Documents/react_projects/5.13- Project- Restructure the App/vidly/startup/db.js": {"path":"/Users/dhruvaindavarapu/Documents/react_projects/5.13- Project- Restructure the App/vidly/startup/db.js","statementMap":{"0":{"start":{"line":1,"column":17},"end":{"line":1,"column":36}},"1":{"start":{"line":2,"column":15},"end":{"line":2,"column":32}},"2":{"start":{"line":3,"column":0},"end":{"line":9,"column":1}},"3":{"start":{"line":4,"column":15},"end":{"line":4,"column":31}},"4":{"start":{"line":6,"column":4},"end":{"line":8,"column":35}},"5":{"start":{"line":7,"column":16},"end":{"line":7,"column":52}},"6":{"start":{"line":8,"column":18},"end":{"line":8,"column":34}}},"fnMap":{"0":{"name":"(anonymous_0)","decl":{"start":{"line":3,"column":17},"end":{"line":3,"column":18}},"loc":{"start":{"line":3,"column":28},"end":{"line":9,"column":1}},"line":3},"1":{"name":"(anonymous_1)","decl":{"start":{"line":7,"column":10},"end":{"line":7,"column":11}},"loc":{"start":{"line":7,"column":16},"end":{"line":7,"column":52}},"line":7},"2":{"name":"(anonymous_2)","decl":{"start":{"line":8,"column":11},"end":{"line":8,"column":12}},"loc":{"start":{"line":8,"column":18},"end":{"line":8,"column":34}},"line":8}},"branchMap":{},"s":{"0":1,"1":1,"2":1,"3":1,"4":1,"5":1,"6":0},"f":{"0":1,"1":1,"2":0},"b":{},"_coverageSchema":"1a1c01bbd47fc00a2c39e90264f33305004495a9","hash":"e2a8abaf3e488db723a9034f3cf7a01965916bc7"}
,"/Users/dhruvaindavarapu/Documents/react_projects/5.13- Project- Restructure the App/vidly/startup/routes.js": {"path":"/Users/dhruvaindavarapu/Documents/react_projects/5.13- Project- Restructure the App/vidly/startup/routes.js","statementMap":{"0":{"start":{"line":1,"column":16},"end":{"line":1,"column":34}},"1":{"start":{"line":2,"column":15},"end":{"line":2,"column":42}},"2":{"start":{"line":3,"column":18},"end":{"line":3,"column":48}},"3":{"start":{"line":4,"column":15},"end":{"line":4,"column":42}},"4":{"start":{"line":5,"column":16},"end":{"line":5,"column":44}},"5":{"start":{"line":6,"column":14},"end":{"line":6,"column":40}},"6":{"start":{"line":7,"column":13},"end":{"line":7,"column":38}},"7":{"start":{"line":8,"column":14},"end":{"line":8,"column":44}},"8":{"start":{"line":10,"column":0},"end":{"line":32,"column":1}},"9":{"start":{"line":12,"column":4},"end":{"line":12,"column":28}},"10":{"start":{"line":14,"column":4},"end":{"line":14,"column":35}},"11":{"start":{"line":17,"column":4},"end":{"line":17,"column":41}},"12":{"start":{"line":20,"column":4},"end":{"line":20,"column":34}},"13":{"start":{"line":23,"column":4},"end":{"line":23,"column":37}},"14":{"start":{"line":26,"column":4},"end":{"line":26,"column":32}},"15":{"start":{"line":29,"column":4},"end":{"line":29,"column":30}},"16":{"start":{"line":31,"column":4},"end":{"line":31,"column":18}}},"fnMap":{"0":{"name":"(anonymous_0)","decl":{"start":{"line":10,"column":17},"end":{"line":10,"column":18}},"loc":{"start":{"line":10,"column":30},"end":{"line":32,"column":1}},"line":10}},"branchMap":{},"s":{"0":1,"1":1,"2":1,"3":1,"4":1,"5":1,"6":1,"7":1,"8":1,"9":1,"10":1,"11":1,"12":1,"13":1,"14":1,"15":1,"16":1},"f":{"0":1},"b":{},"_coverageSchema":"1a1c01bbd47fc00a2c39e90264f33305004495a9","hash":"d4fb71a156e5b65cb262e6c3b05e062b64e0a565"}
,"/Users/dhruvaindavarapu/Documents/react_projects/5.13- Project- Restructure the App/vidly/startup/validation.js": {"path":"/Users/dhruvaindavarapu/Documents/react_projects/5.13- Project- Restructure the App/vidly/startup/validation.js","statementMap":{"0":{"start":{"line":1,"column":12},"end":{"line":1,"column":26}},"1":{"start":{"line":3,"column":0},"end":{"line":5,"column":1}},"2":{"start":{"line":4,"column":4},"end":{"line":4,"column":48}}},"fnMap":{"0":{"name":"(anonymous_0)","decl":{"start":{"line":3,"column":17},"end":{"line":3,"column":18}},"loc":{"start":{"line":3,"column":27},"end":{"line":5,"column":1}},"line":3}},"branchMap":{},"s":{"0":1,"1":1,"2":1},"f":{"0":1},"b":{},"_coverageSchema":"1a1c01bbd47fc00a2c39e90264f33305004495a9","hash":"c7a2066c50a8a03e2acaf9be5b254011da107644"}
}
